app/build/outputs/logs/manifest-merger-debug-report.txt
-- Merging decision tree log ---
manifest
ADDED from src/main/AndroidManifest.xml:6:1-61:12
INJECTED from src/main/AndroidManifest.xml:6:1-61:12
INJECTED from src/main/AndroidManifest.xml:6:1-61:12
INJECTED from src/main/AndroidManifest.xml:6:1-61:12
MERGED from [:openvpn] AndroidManifest.xml:6:1-249:12
MERGED from [com.android.support:support-v4:27.1.1] AndroidManifest.xml:17:1-22:12
MERGED from [io.reactivex.rxjava2:rxandroid:2.0.2] AndroidManifest.xml:15:1-21:12
MERGED from [com.android.support.constraint:constraint-layout:1.1.2] AndroidManifest.xml:2:1-11:12
MERGED from [com.android.support:cardview-v7:27.1.1] AndroidManifest.xml:17:1-22:12
MERGED from [com.android.support:recyclerview-v7:27.1.1] AndroidManifest.xml:17:1-22:12
MERGED from [com.android.support:support-media-compat:27.1.1] AndroidManifest.xml:17:1-22:12
MERGED from [com.android.support:support-fragment:27.1.1] AndroidManifest.xml:17:1-22:12
MERGED from [com.android.support:support-core-ui:27.1.1] AndroidManifest.xml:17:1-22:12
MERGED from [com.android.support:support-core-utils:27.1.1] AndroidManifest.xml:17:1-22:12
MERGED from [com.android.support:support-compat:27.1.1] AndroidManifest.xml:17:1-22:12
MERGED from [android.arch.lifecycle:runtime:1.1.0] AndroidManifest.xml:17:1-22:12
MERGED from [android.arch.lifecycle:livedata-core:1.1.0] AndroidManifest.xml:17:1-22:12
MERGED from [android.arch.lifecycle:viewmodel:1.1.0] AndroidManifest.xml:17:1-22:12
MERGED from [android.arch.core:runtime:1.1.0] AndroidManifest.xml:17:1-22:12
INJECTED from src/main/AndroidManifest.xml:6:1-61:12
INJECTED from src/main/AndroidManifest.xml:6:1-61:12
INJECTED from src/main/AndroidManifest.xml:6:1-61:12
	package
		ADDED from src/main/AndroidManifest.xml:9:5-38
		INJECTED from src/main/AndroidManifest.xml
		INJECTED from src/main/AndroidManifest.xml
	android:versionName
		ADDED from src/main/AndroidManifest.xml:11:5-30
		INJECTED from src/main/AndroidManifest.xml
		INJECTED from src/main/AndroidManifest.xml
	xmlns:tools
		ADDED from src/main/AndroidManifest.xml:8:5-51
	xmlns:android
		ADDED from src/main/AndroidManifest.xml:7:5-63
	android:versionCode
		ADDED from src/main/AndroidManifest.xml:10:5-29
		INJECTED from src/main/AndroidManifest.xml
		INJECTED from src/main/AndroidManifest.xml
uses-sdk
ADDED from src/main/AndroidManifest.xml:13:5-15:41
INJECTED from src/main/AndroidManifest.xml:13:5-15:41
INJECTED from src/main/AndroidManifest.xml:13:5-15:41
MERGED from [:openvpn] AndroidManifest.xml:12:5-14:41
MERGED from [:openvpn] AndroidManifest.xml:12:5-14:41
MERGED from [com.android.support:support-v4:27.1.1] AndroidManifest.xml:20:5-44
MERGED from [com.android.support:support-v4:27.1.1] AndroidManifest.xml:20:5-44
MERGED from [io.reactivex.rxjava2:rxandroid:2.0.2] AndroidManifest.xml:19:5-43
MERGED from [io.reactivex.rxjava2:rxandroid:2.0.2] AndroidManifest.xml:19:5-43
MERGED from [com.android.support.constraint:constraint-layout:1.1.2] AndroidManifest.xml:5:5-7:41
MERGED from [com.android.support.constraint:constraint-layout:1.1.2] AndroidManifest.xml:5:5-7:41
MERGED from [com.android.support:cardview-v7:27.1.1] AndroidManifest.xml:20:5-44
MERGED from [com.android.support:cardview-v7:27.1.1] AndroidManifest.xml:20:5-44
MERGED from [com.android.support:recyclerview-v7:27.1.1] AndroidManifest.xml:20:5-44
MERGED from [com.android.support:recyclerview-v7:27.1.1] AndroidManifest.xml:20:5-44
MERGED from [com.android.support:support-media-compat:27.1.1] AndroidManifest.xml:20:5-44
MERGED from [com.android.support:support-media-compat:27.1.1] AndroidManifest.xml:20:5-44
MERGED from [com.android.support:support-fragment:27.1.1] AndroidManifest.xml:20:5-44
MERGED from [com.android.support:support-fragment:27.1.1] AndroidManifest.xml:20:5-44
MERGED from [com.android.support:support-core-ui:27.1.1] AndroidManifest.xml:20:5-44
MERGED from [com.android.support:support-core-ui:27.1.1] AndroidManifest.xml:20:5-44
MERGED from [com.android.support:support-core-utils:27.1.1] AndroidManifest.xml:20:5-44
MERGED from [com.android.support:support-core-utils:27.1.1] AndroidManifest.xml:20:5-44
MERGED from [com.android.support:support-compat:27.1.1] AndroidManifest.xml:20:5-44
MERGED from [com.android.support:support-compat:27.1.1] AndroidManifest.xml:20:5-44
MERGED from [android.arch.lifecycle:runtime:1.1.0] AndroidManifest.xml:20:5-44
MERGED from [android.arch.lifecycle:runtime:1.1.0] AndroidManifest.xml:20:5-44
MERGED from [android.arch.lifecycle:livedata-core:1.1.0] AndroidManifest.xml:20:5-44
MERGED from [android.arch.lifecycle:livedata-core:1.1.0] AndroidManifest.xml:20:5-44
MERGED from [android.arch.lifecycle:viewmodel:1.1.0] AndroidManifest.xml:20:5-44
MERGED from [android.arch.lifecycle:viewmodel:1.1.0] AndroidManifest.xml:20:5-44
MERGED from [android.arch.core:runtime:1.1.0] AndroidManifest.xml:20:5-44
MERGED from [android.arch.core:runtime:1.1.0] AndroidManifest.xml:20:5-44
INJECTED from src/main/AndroidManifest.xml:13:5-15:41
INJECTED from src/main/AndroidManifest.xml:13:5-15:41
	android:targetSdkVersion
		ADDED from src/main/AndroidManifest.xml:15:9-38
		INJECTED from src/main/AndroidManifest.xml
		INJECTED from src/main/AndroidManifest.xml
	android:minSdkVersion
		ADDED from src/main/AndroidManifest.xml:14:9-35
		INJECTED from src/main/AndroidManifest.xml
		INJECTED from src/main/AndroidManifest.xml
uses-permission#android.permission.INTERNET
ADDED from src/main/AndroidManifest.xml:16:5-66
MERGED from [:openvpn] AndroidManifest.xml:16:5-67
MERGED from [:openvpn] AndroidManifest.xml:16:5-67
	android:name
		ADDED from src/main/AndroidManifest.xml:16:22-64
uses-permission#android.permission.ACCESS_NETWORK_STATE
ADDED from src/main/AndroidManifest.xml:17:5-78
MERGED from [:openvpn] AndroidManifest.xml:17:5-79
MERGED from [:openvpn] AndroidManifest.xml:17:5-79
	android:name
		ADDED from src/main/AndroidManifest.xml:17:22-76
uses-permission#android.permission.RECEIVE_BOOT_COMPLETED
ADDED from src/main/AndroidManifest.xml:18:5-80
MERGED from [:openvpn] AndroidManifest.xml:19:5-81
MERGED from [:openvpn] AndroidManifest.xml:19:5-81
	android:name
		ADDED from src/main/AndroidManifest.xml:18:22-78
uses-permission#android.permission.READ_EXTERNAL_STORAGE
ADDED from src/main/AndroidManifest.xml:19:5-79
MERGED from [:openvpn] AndroidManifest.xml:20:5-80
MERGED from [:openvpn] AndroidManifest.xml:20:5-80
	android:name
		ADDED from src/main/AndroidManifest.xml:19:22-77
supports-screens
ADDED from src/main/AndroidManifest.xml:20:5-190
	android:largeScreens
		ADDED from src/main/AndroidManifest.xml:20:81-108
	android:smallScreens
		ADDED from src/main/AndroidManifest.xml:20:135-162
	android:normalScreens
		ADDED from src/main/AndroidManifest.xml:20:23-51
	android:xlargeScreens
		ADDED from src/main/AndroidManifest.xml:20:52-80
	android:resizeable
		ADDED from src/main/AndroidManifest.xml:20:163-188
	android:anyDensity
		ADDED from src/main/AndroidManifest.xml:20:109-134
uses-permission#android.permission.ACCESS_WIFI_STATE
ADDED from src/main/AndroidManifest.xml:21:5-75
	android:name
		ADDED from src/main/AndroidManifest.xml:21:22-73
uses-permission#android.permission.CHANGE_WIFI_STATE
ADDED from src/main/AndroidManifest.xml:22:5-75
	android:name
		ADDED from src/main/AndroidManifest.xml:22:22-73
uses-permission#android.permission.CHANGE_NETWORK_STATE
ADDED from src/main/AndroidManifest.xml:23:5-78
	android:name
		ADDED from src/main/AndroidManifest.xml:23:22-76
application
ADDED from src/main/AndroidManifest.xml:25:5-59:19
MERGED from [:openvpn] AndroidManifest.xml:32:5-247:19
MERGED from [:openvpn] AndroidManifest.xml:32:5-247:19
MERGED from [com.android.support.constraint:constraint-layout:1.1.2] AndroidManifest.xml:9:5-20
MERGED from [com.android.support.constraint:constraint-layout:1.1.2] AndroidManifest.xml:9:5-20
	android:supportsRtl
		ADDED from [:openvpn] AndroidManifest.xml:39:9-35
	android:label
		ADDED from src/main/AndroidManifest.xml:28:9-41
		REJECTED from [:openvpn] AndroidManifest.xml:38:9-36
	android:appCategory
		ADDED from [:openvpn] AndroidManifest.xml:35:9-43
	tools:ignore
		ADDED from [:openvpn] AndroidManifest.xml:41:9-39
	android:icon
		ADDED from src/main/AndroidManifest.xml:27:9-45
		REJECTED from [:openvpn] AndroidManifest.xml:37:9-43
	android:allowBackup
		ADDED from src/main/AndroidManifest.xml:29:41-67
	android:banner
		ADDED from [:openvpn] AndroidManifest.xml:36:9-43
	android:theme
		ADDED from src/main/AndroidManifest.xml:29:9-40
		REJECTED from [:openvpn] AndroidManifest.xml:40:9-38
	tools:replace
		ADDED from src/main/AndroidManifest.xml:26:9-67
	android:name
		ADDED from [:openvpn] AndroidManifest.xml:33:9-68
activity#com.proxysh.safejumper.AppActivity
ADDED from src/main/AndroidManifest.xml:30:9-39:20
	android:screenOrientation
		ADDED from src/main/AndroidManifest.xml:33:13-49
	android:label
		ADDED from src/main/AndroidManifest.xml:32:13-45
	android:launchMode
		ADDED from src/main/AndroidManifest.xml:33:50-81
	android:name
		ADDED from src/main/AndroidManifest.xml:31:13-62
intent-filter#action:name:android.intent.action.MAIN+category:name:android.intent.category.LAUNCHER
ADDED from src/main/AndroidManifest.xml:34:13-38:29
action#android.intent.action.MAIN
ADDED from src/main/AndroidManifest.xml:35:17-69
	android:name
		ADDED from src/main/AndroidManifest.xml:35:25-66
category#android.intent.category.LAUNCHER
ADDED from src/main/AndroidManifest.xml:37:17-77
	android:name
		ADDED from src/main/AndroidManifest.xml:37:27-74
receiver#com.proxysh.safejumper.widget.AppWidget
ADDED from src/main/AndroidManifest.xml:53:9-58:20
	android:name
		ADDED from src/main/AndroidManifest.xml:53:19-73
intent-filter#action:name:android.appwidget.action.APPWIDGET_UPDATE
ADDED from src/main/AndroidManifest.xml:54:13-56:29
action#android.appwidget.action.APPWIDGET_UPDATE
ADDED from src/main/AndroidManifest.xml:55:17-83
	android:name
		ADDED from src/main/AndroidManifest.xml:55:25-81
meta-data#android.appwidget.provider
ADDED from src/main/AndroidManifest.xml:57:13-114
	android:resource
		ADDED from src/main/AndroidManifest.xml:57:24-70
	android:name
		ADDED from src/main/AndroidManifest.xml:57:71-112
uses-permission#android.permission.FOREGROUND_SERVICE
ADDED from [:openvpn] AndroidManifest.xml:21:5-77
	android:name
		ADDED from [:openvpn] AndroidManifest.xml:21:22-74
uses-feature#android.software.leanback
ADDED from [:openvpn] AndroidManifest.xml:25:5-27:36
	android:required
		ADDED from [:openvpn] AndroidManifest.xml:27:9-33
	android:name
		ADDED from [:openvpn] AndroidManifest.xml:26:9-49
uses-feature#android.hardware.touchscreen
ADDED from [:openvpn] AndroidManifest.xml:28:5-30:36
	android:required
		ADDED from [:openvpn] AndroidManifest.xml:30:9-33
	android:name
		ADDED from [:openvpn] AndroidManifest.xml:29:9-52
meta-data#android.content.APP_RESTRICTIONS
ADDED from [:openvpn] AndroidManifest.xml:42:9-44:56
	android:resource
		ADDED from [:openvpn] AndroidManifest.xml:44:13-53
	android:name
		ADDED from [:openvpn] AndroidManifest.xml:43:13-60
activity#de.blinkt.openvpn.activities.VPNPreferences
ADDED from [:openvpn] AndroidManifest.xml:46:9-49:57
	android:windowSoftInputMode
		ADDED from [:openvpn] AndroidManifest.xml:49:13-54
	android:exported
		ADDED from [:openvpn] AndroidManifest.xml:48:13-37
	android:name
		ADDED from [:openvpn] AndroidManifest.xml:47:13-71
activity#de.blinkt.openvpn.activities.DisconnectVPN
ADDED from [:openvpn] AndroidManifest.xml:50:9-56:52
	android:excludeFromRecents
		ADDED from [:openvpn] AndroidManifest.xml:53:13-46
	android:autoRemoveFromRecents
		ADDED from [:openvpn] AndroidManifest.xml:52:13-49
	android:noHistory
		ADDED from [:openvpn] AndroidManifest.xml:54:13-37
	android:theme
		ADDED from [:openvpn] AndroidManifest.xml:56:13-49
	android:taskAffinity
		ADDED from [:openvpn] AndroidManifest.xml:55:13-50
	android:name
		ADDED from [:openvpn] AndroidManifest.xml:51:13-70
activity#de.blinkt.openvpn.activities.LogWindow
ADDED from [:openvpn] AndroidManifest.xml:57:9-61:47
	android:label
		ADDED from [:openvpn] AndroidManifest.xml:60:13-48
	android:launchMode
		ADDED from [:openvpn] AndroidManifest.xml:61:13-44
	android:allowTaskReparenting
		ADDED from [:openvpn] AndroidManifest.xml:59:13-48
	android:name
		ADDED from [:openvpn] AndroidManifest.xml:58:13-66
activity#de.blinkt.openvpn.activities.FileSelect
ADDED from [:openvpn] AndroidManifest.xml:62:9-76
	android:name
		ADDED from [:openvpn] AndroidManifest.xml:62:19-73
activity#de.blinkt.openvpn.activities.MainActivity
ADDED from [:openvpn] AndroidManifest.xml:63:9-73:20
	tools:ignore
		ADDED from [:openvpn] AndroidManifest.xml:65:13-44
	android:name
		ADDED from [:openvpn] AndroidManifest.xml:64:13-69
intent-filter#action:name:android.intent.action.MAIN+category:name:android.intent.category.BROWSABLE+category:name:android.intent.category.LAUNCHER+category:name:android.intent.category.LEANBACK_LAUNCHER
ADDED from [:openvpn] AndroidManifest.xml:66:13-72:29
category#android.intent.category.LEANBACK_LAUNCHER
ADDED from [:openvpn] AndroidManifest.xml:69:17-86
	android:name
		ADDED from [:openvpn] AndroidManifest.xml:69:27-83
category#android.intent.category.BROWSABLE
ADDED from [:openvpn] AndroidManifest.xml:70:17-78
	android:name
		ADDED from [:openvpn] AndroidManifest.xml:70:27-75
service#de.blinkt.openvpn.core.OpenVPNService
ADDED from [:openvpn] AndroidManifest.xml:75:9-82:19
	android:process
		ADDED from [:openvpn] AndroidManifest.xml:78:13-39
	android:permission
		ADDED from [:openvpn] AndroidManifest.xml:77:13-69
	android:name
		ADDED from [:openvpn] AndroidManifest.xml:76:13-65
intent-filter#action:name:android.net.VpnService
ADDED from [:openvpn] AndroidManifest.xml:79:13-81:29
action#android.net.VpnService
ADDED from [:openvpn] AndroidManifest.xml:80:17-65
	android:name
		ADDED from [:openvpn] AndroidManifest.xml:80:25-62
service#de.blinkt.openvpn.api.ExternalOpenVPNService
ADDED from [:openvpn] AndroidManifest.xml:83:9-90:19
	android:process
		ADDED from [:openvpn] AndroidManifest.xml:85:13-39
	tools:ignore
		ADDED from [:openvpn] AndroidManifest.xml:86:13-43
	android:name
		ADDED from [:openvpn] AndroidManifest.xml:84:13-72
intent-filter#action:name:de.blinkt.openvpn.api.IOpenVPNAPIService
ADDED from [:openvpn] AndroidManifest.xml:87:13-89:29
action#de.blinkt.openvpn.api.IOpenVPNAPIService
ADDED from [:openvpn] AndroidManifest.xml:88:17-83
	android:name
		ADDED from [:openvpn] AndroidManifest.xml:88:25-80
service#de.blinkt.openvpn.core.OpenVPNStatusService
ADDED from [:openvpn] AndroidManifest.xml:91:9-94:42
	android:process
		ADDED from [:openvpn] AndroidManifest.xml:94:13-39
	android:exported
		ADDED from [:openvpn] AndroidManifest.xml:93:13-37
	android:name
		ADDED from [:openvpn] AndroidManifest.xml:92:13-71
service#de.blinkt.openvpn.OpenVPNTileService
ADDED from [:openvpn] AndroidManifest.xml:95:9-108:19
	android:label
		ADDED from [:openvpn] AndroidManifest.xml:98:13-45
	android:permission
		ADDED from [:openvpn] AndroidManifest.xml:99:13-77
	android:icon
		ADDED from [:openvpn] AndroidManifest.xml:97:13-46
	android:value
		ADDED from [:openvpn] AndroidManifest.xml:100:13-33
	android:name
		ADDED from [:openvpn] AndroidManifest.xml:96:13-64
intent-filter#action:name:android.service.quicksettings.action.QS_TILE
ADDED from [:openvpn] AndroidManifest.xml:101:13-103:29
action#android.service.quicksettings.action.QS_TILE
ADDED from [:openvpn] AndroidManifest.xml:102:17-87
	android:name
		ADDED from [:openvpn] AndroidManifest.xml:102:25-84
meta-data#android.service.quicksettings.ACTIVE_TILE
ADDED from [:openvpn] AndroidManifest.xml:105:13-107:41
	android:value
		ADDED from [:openvpn] AndroidManifest.xml:107:17-38
	android:name
		ADDED from [:openvpn] AndroidManifest.xml:106:17-73
activity#de.blinkt.openvpn.api.GrantPermissionsActivity
ADDED from [:openvpn] AndroidManifest.xml:110:9-114:20
	android:name
		ADDED from [:openvpn] AndroidManifest.xml:110:19-80
intent-filter#action:name:android.intent.action.MAIN
ADDED from [:openvpn] AndroidManifest.xml:111:13-113:29
activity#de.blinkt.openvpn.api.ConfirmDialog
ADDED from [:openvpn] AndroidManifest.xml:115:9-119:20
	android:name
		ADDED from [:openvpn] AndroidManifest.xml:115:19-69
receiver#de.blinkt.openvpn.OnBootReceiver
ADDED from [:openvpn] AndroidManifest.xml:121:9-126:20
	android:name
		ADDED from [:openvpn] AndroidManifest.xml:121:19-66
intent-filter#action:name:android.intent.action.BOOT_COMPLETED+action:name:android.intent.action.MY_PACKAGE_REPLACED
ADDED from [:openvpn] AndroidManifest.xml:122:13-125:29
	android:priority
		ADDED from [:openvpn] AndroidManifest.xml:122:28-50
action#android.intent.action.BOOT_COMPLETED
ADDED from [:openvpn] AndroidManifest.xml:123:17-79
	android:name
		ADDED from [:openvpn] AndroidManifest.xml:123:25-76
action#android.intent.action.MY_PACKAGE_REPLACED
ADDED from [:openvpn] AndroidManifest.xml:124:17-84
	android:name
		ADDED from [:openvpn] AndroidManifest.xml:124:25-81
activity#de.blinkt.openvpn.activities.ConfigConverter
ADDED from [:openvpn] AndroidManifest.xml:128:9-173:20
	android:label
		ADDED from [:openvpn] AndroidManifest.xml:131:13-48
	android:excludeFromRecents
		ADDED from [:openvpn] AndroidManifest.xml:130:13-46
	tools:ignore
		ADDED from [:openvpn] AndroidManifest.xml:134:13-44
	android:uiOptions
		ADDED from [:openvpn] AndroidManifest.xml:133:13-57
	android:taskAffinity
		ADDED from [:openvpn] AndroidManifest.xml:132:13-52
	android:name
		ADDED from [:openvpn] AndroidManifest.xml:129:13-72
intent-filter#action:name:android.intent.action.VIEW+category:name:android.intent.category.BROWSABLE+category:name:android.intent.category.DEFAULT+data:mimeType:application/x-openvpn-profile
ADDED from [:openvpn] AndroidManifest.xml:135:13-144:29
	android:label
		ADDED from [:openvpn] AndroidManifest.xml:136:17-54
	tools:ignore
		ADDED from [:openvpn] AndroidManifest.xml:137:17-47
action#android.intent.action.VIEW
ADDED from [:openvpn] AndroidManifest.xml:138:17-69
	android:name
		ADDED from [:openvpn] AndroidManifest.xml:138:25-66
category#android.intent.category.DEFAULT
ADDED from [:openvpn] AndroidManifest.xml:140:17-76
	android:name
		ADDED from [:openvpn] AndroidManifest.xml:140:27-73
data
ADDED from [:openvpn] AndroidManifest.xml:143:17-74
	android:mimeType
		ADDED from [:openvpn] AndroidManifest.xml:143:23-71
intent-filter#action:name:android.intent.action.VIEW+category:name:android.intent.category.BROWSABLE+category:name:android.intent.category.DEFAULT+data:mimeType:application/ovpn
ADDED from [:openvpn] AndroidManifest.xml:145:13-154:29
	android:label
		ADDED from [:openvpn] AndroidManifest.xml:146:17-54
	tools:ignore
		ADDED from [:openvpn] AndroidManifest.xml:147:17-47
intent-filter#action:name:android.intent.action.VIEW+category:name:android.intent.category.BROWSABLE+category:name:android.intent.category.DEFAULT+data:host:*+data:mimeType:*/*+data:pathPattern:.*..*..*..*..*.ovpn+data:pathPattern:.*..*..*..*.ovpn+data:pathPattern:.*..*..*.ovpn+data:pathPattern:.*..*.ovpn+data:pathPattern:.*.ovpn+data:scheme:content+data:scheme:file
ADDED from [:openvpn] AndroidManifest.xml:155:13-172:29
	android:label
		ADDED from [:openvpn] AndroidManifest.xml:155:28-65
activity#de.blinkt.openvpn.LaunchVPN
ADDED from [:openvpn] AndroidManifest.xml:174:9-187:20
	android:label
		ADDED from [:openvpn] AndroidManifest.xml:178:13-53
	android:excludeFromRecents
		ADDED from [:openvpn] AndroidManifest.xml:177:13-46
	android:autoRemoveFromRecents
		ADDED from [:openvpn] AndroidManifest.xml:176:13-49
	tools:ignore
		ADDED from [:openvpn] AndroidManifest.xml:181:13-44
	android:theme
		ADDED from [:openvpn] AndroidManifest.xml:180:13-49
	android:taskAffinity
		ADDED from [:openvpn] AndroidManifest.xml:179:13-46
	android:name
		ADDED from [:openvpn] AndroidManifest.xml:175:13-55
intent-filter#action:name:android.intent.action.MAIN+category:name:android.intent.category.DEFAULT
ADDED from [:openvpn] AndroidManifest.xml:182:13-186:29
activity#de.blinkt.openvpn.api.Intents
ADDED from [:openvpn] AndroidManifest.xml:188:9-201:20
	android:label
		ADDED from [:openvpn] AndroidManifest.xml:192:13-53
	android:excludeFromRecents
		ADDED from [:openvpn] AndroidManifest.xml:191:13-46
	android:autoRemoveFromRecents
		ADDED from [:openvpn] AndroidManifest.xml:190:13-49
	tools:ignore
		ADDED from [:openvpn] AndroidManifest.xml:195:13-44
	android:theme
		ADDED from [:openvpn] AndroidManifest.xml:194:13-49
	android:taskAffinity
		ADDED from [:openvpn] AndroidManifest.xml:193:13-46
	android:name
		ADDED from [:openvpn] AndroidManifest.xml:189:13-57
activity#de.blinkt.openvpn.activities.CreateShortcuts
ADDED from [:openvpn] AndroidManifest.xml:202:9-213:20
	android:label
		ADDED from [:openvpn] AndroidManifest.xml:205:13-49
	android:excludeFromRecents
		ADDED from [:openvpn] AndroidManifest.xml:204:13-46
	android:theme
		ADDED from [:openvpn] AndroidManifest.xml:207:13-85
	android:taskAffinity
		ADDED from [:openvpn] AndroidManifest.xml:206:13-52
	android:name
		ADDED from [:openvpn] AndroidManifest.xml:203:13-72
intent-filter#action:name:android.intent.action.CREATE_SHORTCUT+category:name:android.intent.category.DEFAULT
ADDED from [:openvpn] AndroidManifest.xml:208:13-212:29
action#android.intent.action.CREATE_SHORTCUT
ADDED from [:openvpn] AndroidManifest.xml:209:17-80
	android:name
		ADDED from [:openvpn] AndroidManifest.xml:209:25-77
provider#de.blinkt.openvpn.FileProvider
ADDED from [:openvpn] AndroidManifest.xml:215:9-220:54
	android:grantUriPermissions
		ADDED from [:openvpn] AndroidManifest.xml:219:13-47
	android:authorities
		ADDED from [:openvpn] AndroidManifest.xml:217:13-65
	android:exported
		ADDED from [:openvpn] AndroidManifest.xml:218:13-36
	tools:ignore
		ADDED from [:openvpn] AndroidManifest.xml:220:13-51
	android:name
		ADDED from [:openvpn] AndroidManifest.xml:216:13-58
activity#de.blinkt.openvpn.activities.OpenSSLSpeed
ADDED from [:openvpn] AndroidManifest.xml:229:9-236:20
	android:parentActivityName
		ADDED from [:openvpn] AndroidManifest.xml:232:13-83
	android:label
		ADDED from [:openvpn] AndroidManifest.xml:231:13-65
	android:name
		ADDED from [:openvpn] AndroidManifest.xml:230:13-69
meta-data#android.support.PARENT_ACTIVITY
ADDED from [:openvpn] AndroidManifest.xml:233:13-235:77
	android:value
		ADDED from [:openvpn] AndroidManifest.xml:235:17-74
	android:name
		ADDED from [:openvpn] AndroidManifest.xml:234:17-63
activity#de.blinkt.openvpn.api.RemoteAction
ADDED from [:openvpn] AndroidManifest.xml:237:9-71
	android:name
		ADDED from [:openvpn] AndroidManifest.xml:237:19-68
activity-alias#de.blinkt.openvpn.api.ConnectVPN
ADDED from [:openvpn] AndroidManifest.xml:239:9-242:75
	android:exported
		ADDED from [:openvpn] AndroidManifest.xml:241:13-36
	android:targetActivity
		ADDED from [:openvpn] AndroidManifest.xml:242:13-72
	android:name
		ADDED from [:openvpn] AndroidManifest.xml:240:13-60
activity-alias#de.blinkt.openvpn.api.DisconnectVPN
ADDED from [:openvpn] AndroidManifest.xml:243:9-246:75
	android:exported
		ADDED from [:openvpn] AndroidManifest.xml:245:13-36
	android:targetActivity
		ADDED from [:openvpn] AndroidManifest.xml:246:13-72
	android:name
		ADDED from [:openvpn] AndroidManifest.xml:244:13-63